2025-11-30 20:23:35,493 - lotto_downloader.downloader - INFO - Iniciando descarga: https://docs.google.com/spreadsheets/d/e/2PACX-1vTov1BuA0nkVGTS48arpPFkc9cG7B40Xi3BfY6iqcWTrMwCBg5b50-WwvnvaR6mxvFHbDBtYFKg5IsJ/pub?gid=1&single=true&output=csv -> data/historico_raw.csv
2025-11-30 20:23:35,538 - scrapy.utils.log - INFO - Scrapy 2.13.4 started (bot: lotto_downloader)
2025-11-30 20:23:35 [scrapy.utils.log] INFO: Scrapy 2.13.4 started (bot: lotto_downloader)
2025-11-30 20:23:35,661 - scrapy.utils.log - INFO - Versions:
{'lxml': '6.0.2',
 'libxml2': '2.11.9',
 'cssselect': '1.3.0',
 'parsel': '1.10.0',
 'w3lib': '2.3.1',
 'Twisted': '25.5.0',
 'Python': '3.13.1 (tags/v3.13.1:0671451, Dec  3 2024, 19:06:28) [MSC v.1942 '
           '64 bit (AMD64)]',
 'pyOpenSSL': '25.3.0 (OpenSSL 3.5.4 30 Sep 2025)',
 'cryptography': '46.0.3',
 'Platform': 'Windows-11-10.0.26100-SP0'}
2025-11-30 20:23:35 [scrapy.utils.log] INFO: Versions:
{'lxml': '6.0.2',
 'libxml2': '2.11.9',
 'cssselect': '1.3.0',
 'parsel': '1.10.0',
 'w3lib': '2.3.1',
 'Twisted': '25.5.0',
 'Python': '3.13.1 (tags/v3.13.1:0671451, Dec  3 2024, 19:06:28) [MSC v.1942 '
           '64 bit (AMD64)]',
 'pyOpenSSL': '25.3.0 (OpenSSL 3.5.4 30 Sep 2025)',
 'cryptography': '46.0.3',
 'Platform': 'Windows-11-10.0.26100-SP0'}
2025-11-30 20:23:35,674 - scrapy.addons - INFO - Enabled addons:
[]
2025-11-30 20:23:35 [scrapy.addons] INFO: Enabled addons:
[]
2025-11-30 20:23:35,684 - asyncio - DEBUG - Using selector: SelectSelector
2025-11-30 20:23:35,699 - scrapy.utils.log - DEBUG - Using reactor: twisted.internet.asyncioreactor.AsyncioSelectorReactor
2025-11-30 20:23:35,699 - scrapy.utils.log - DEBUG - Using asyncio event loop: asyncio.windows_events._WindowsSelectorEventLoop
2025-11-30 20:23:35,716 - scrapy.extensions.telnet - INFO - Telnet Password: b4256e04df361632
2025-11-30 20:23:35 [scrapy.extensions.telnet] INFO: Telnet Password: b4256e04df361632
2025-11-30 20:23:35,780 - scrapy.middleware - INFO - Enabled extensions:
['scrapy.extensions.corestats.CoreStats',
 'scrapy.extensions.telnet.TelnetConsole',
 'scrapy.extensions.logstats.LogStats',
 'scrapy.extensions.throttle.AutoThrottle']
2025-11-30 20:23:35 [scrapy.middleware] INFO: Enabled extensions:
['scrapy.extensions.corestats.CoreStats',
 'scrapy.extensions.telnet.TelnetConsole',
 'scrapy.extensions.logstats.LogStats',
 'scrapy.extensions.throttle.AutoThrottle']
2025-11-30 20:23:35,780 - scrapy.crawler - INFO - Overridden settings:
{'AUTOTHROTTLE_ENABLED': True,
 'AUTOTHROTTLE_MAX_DELAY': 10,
 'AUTOTHROTTLE_START_DELAY': 1,
 'BOT_NAME': 'lotto_downloader',
 'CONCURRENT_REQUESTS': 1,
 'CONCURRENT_REQUESTS_PER_DOMAIN': 1,
 'DOWNLOAD_DELAY': 3,
 'DOWNLOAD_TIMEOUT': 30,
 'LOG_FILE': 'lotto_downloader.log',
 'LOG_LEVEL': 'INFO',
 'NEWSPIDER_MODULE': 'lotto_downloader.spiders',
 'RANDOMIZE_DOWNLOAD_DELAY': 0.5,
 'RETRY_HTTP_CODES': [500, 502, 503, 504, 408, 429],
 'RETRY_TIMES': 3,
 'SPIDER_MODULES': ['lotto_downloader.spiders']}
2025-11-30 20:23:35 [scrapy.crawler] INFO: Overridden settings:
{'AUTOTHROTTLE_ENABLED': True,
 'AUTOTHROTTLE_MAX_DELAY': 10,
 'AUTOTHROTTLE_START_DELAY': 1,
 'BOT_NAME': 'lotto_downloader',
 'CONCURRENT_REQUESTS': 1,
 'CONCURRENT_REQUESTS_PER_DOMAIN': 1,
 'DOWNLOAD_DELAY': 3,
 'DOWNLOAD_TIMEOUT': 30,
 'LOG_FILE': 'lotto_downloader.log',
 'LOG_LEVEL': 'INFO',
 'NEWSPIDER_MODULE': 'lotto_downloader.spiders',
 'RANDOMIZE_DOWNLOAD_DELAY': 0.5,
 'RETRY_HTTP_CODES': [500, 502, 503, 504, 408, 429],
 'RETRY_TIMES': 3,
 'SPIDER_MODULES': ['lotto_downloader.spiders']}
2025-11-30 20:23:36,002 - scrapy.middleware - INFO - Enabled downloader middlewares:
['scrapy.downloadermiddlewares.offsite.OffsiteMiddleware',
 'scrapy.downloadermiddlewares.retry.RetryMiddleware',
 'scrapy.downloadermiddlewares.httpauth.HttpAuthMiddleware',
 'scrapy.downloadermiddlewares.downloadtimeout.DownloadTimeoutMiddleware',
 'scrapy.downloadermiddlewares.defaultheaders.DefaultHeadersMiddleware',
 'lotto_downloader.middlewares.RotateUserAgentMiddleware',
 'scrapy.downloadermiddlewares.redirect.MetaRefreshMiddleware',
 'scrapy.downloadermiddlewares.httpcompression.HttpCompressionMiddleware',
 'scrapy.downloadermiddlewares.redirect.RedirectMiddleware',
 'scrapy.downloadermiddlewares.cookies.CookiesMiddleware',
 'scrapy.downloadermiddlewares.httpproxy.HttpProxyMiddleware',
 'scrapy.downloadermiddlewares.stats.DownloaderStats']
2025-11-30 20:23:36 [scrapy.middleware] INFO: Enabled downloader middlewares:
['scrapy.downloadermiddlewares.offsite.OffsiteMiddleware',
 'scrapy.downloadermiddlewares.retry.RetryMiddleware',
 'scrapy.downloadermiddlewares.httpauth.HttpAuthMiddleware',
 'scrapy.downloadermiddlewares.downloadtimeout.DownloadTimeoutMiddleware',
 'scrapy.downloadermiddlewares.defaultheaders.DefaultHeadersMiddleware',
 'lotto_downloader.middlewares.RotateUserAgentMiddleware',
 'scrapy.downloadermiddlewares.redirect.MetaRefreshMiddleware',
 'scrapy.downloadermiddlewares.httpcompression.HttpCompressionMiddleware',
 'scrapy.downloadermiddlewares.redirect.RedirectMiddleware',
 'scrapy.downloadermiddlewares.cookies.CookiesMiddleware',
 'scrapy.downloadermiddlewares.httpproxy.HttpProxyMiddleware',
 'scrapy.downloadermiddlewares.stats.DownloaderStats']
2025-11-30 20:23:36,018 - scrapy.middleware - INFO - Enabled spider middlewares:
['scrapy.spidermiddlewares.start.StartSpiderMiddleware',
 'scrapy.spidermiddlewares.httperror.HttpErrorMiddleware',
 'scrapy.spidermiddlewares.referer.RefererMiddleware',
 'scrapy.spidermiddlewares.urllength.UrlLengthMiddleware',
 'scrapy.spidermiddlewares.depth.DepthMiddleware']
2025-11-30 20:23:36 [scrapy.middleware] INFO: Enabled spider middlewares:
['scrapy.spidermiddlewares.start.StartSpiderMiddleware',
 'scrapy.spidermiddlewares.httperror.HttpErrorMiddleware',
 'scrapy.spidermiddlewares.referer.RefererMiddleware',
 'scrapy.spidermiddlewares.urllength.UrlLengthMiddleware',
 'scrapy.spidermiddlewares.depth.DepthMiddleware']
2025-11-30 20:23:36,020 - scrapy.middleware - INFO - Enabled item pipelines:
[]
2025-11-30 20:23:36 [scrapy.middleware] INFO: Enabled item pipelines:
[]
2025-11-30 20:23:36,021 - scrapy.core.engine - INFO - Spider opened
2025-11-30 20:23:36 [scrapy.core.engine] INFO: Spider opened
2025-11-30 20:23:36,078 - py.warnings - WARNING - D:\BDCT\LottoAppTest\.lotto_env\Lib\site-packages\scrapy\core\spidermw.py:433: ScrapyDeprecationWarning: lotto_downloader.spiders.csv_spider.CSVSpider defines the deprecated start_requests() method. start_requests() has been deprecated in favor of a new method, start(), to support asynchronous code execution. start_requests() will stop being called in a future version of Scrapy. If you use Scrapy 2.13 or higher only, replace start_requests() with start(); note that start() is a coroutine (async def). If you need to maintain compatibility with lower Scrapy versions, when overriding start_requests() in a spider class, override start() as well; you can use super() to reuse the inherited start() implementation without copy-pasting. See the release notes of Scrapy 2.13 for details: https://docs.scrapy.org/en/2.13/news.html
  warn(

2025-11-30 20:23:36 [py.warnings] WARNING: D:\BDCT\LottoAppTest\.lotto_env\Lib\site-packages\scrapy\core\spidermw.py:433: ScrapyDeprecationWarning: lotto_downloader.spiders.csv_spider.CSVSpider defines the deprecated start_requests() method. start_requests() has been deprecated in favor of a new method, start(), to support asynchronous code execution. start_requests() will stop being called in a future version of Scrapy. If you use Scrapy 2.13 or higher only, replace start_requests() with start(); note that start() is a coroutine (async def). If you need to maintain compatibility with lower Scrapy versions, when overriding start_requests() in a spider class, override start() as well; you can use super() to reuse the inherited start() implementation without copy-pasting. See the release notes of Scrapy 2.13 for details: https://docs.scrapy.org/en/2.13/news.html
  warn(

2025-11-30 20:23:36,078 - scrapy.extensions.logstats - INFO - Crawled 0 pages (at 0 pages/min), scraped 0 items (at 0 items/min)
2025-11-30 20:23:36 [scrapy.extensions.logstats] INFO: Crawled 0 pages (at 0 pages/min), scraped 0 items (at 0 items/min)
2025-11-30 20:23:36,081 - scrapy.extensions.telnet - INFO - Telnet console listening on 127.0.0.1:6023
2025-11-30 20:23:36 [scrapy.extensions.telnet] INFO: Telnet console listening on 127.0.0.1:6023
2025-11-30 20:23:36,082 - lotto_downloader.spiders.csv_spider - INFO - Iniciando descarga de CSV
2025-11-30 20:23:36 [lotto_downloader.spiders.csv_spider] INFO: Iniciando descarga de CSV
2025-11-30 20:23:36,082 - lotto_downloader.spiders.csv_spider - INFO - Verificación VPN deshabilitada
2025-11-30 20:23:36 [lotto_downloader.spiders.csv_spider] INFO: Verificación VPN deshabilitada
2025-11-30 20:23:36,082 - lotto_downloader.spiders.csv_spider - INFO - VPN verificada. Iniciando descarga...
2025-11-30 20:23:36 [lotto_downloader.spiders.csv_spider] INFO: VPN verificada. Iniciando descarga...
2025-11-30 20:23:36,083 - lotto_downloader.spiders.csv_spider - INFO - Solicitando: https://docs.google.com/spreadsheets/d/e/2PACX-1vTov1BuA0nkVGTS48arpPFkc9cG7B40Xi3BfY6iqcWTrMwCBg5b50-WwvnvaR6mxvFHbDBtYFKg5IsJ/pub?gid=1&single=true&output=csv
2025-11-30 20:23:36 [lotto_downloader.spiders.csv_spider] INFO: Solicitando: https://docs.google.com/spreadsheets/d/e/2PACX-1vTov1BuA0nkVGTS48arpPFkc9cG7B40Xi3BfY6iqcWTrMwCBg5b50-WwvnvaR6mxvFHbDBtYFKg5IsJ/pub?gid=1&single=true&output=csv
2025-11-30 20:23:37,107 - urllib3.connectionpool - DEBUG - Starting new HTTPS connection (1): publicsuffix.org:443
2025-11-30 20:23:37,547 - urllib3.connectionpool - DEBUG - https://publicsuffix.org:443 "GET /list/public_suffix_list.dat HTTP/1.1" 200 89121
2025-11-30 20:23:38,401 - scrapy.downloadermiddlewares.redirect - DEBUG - Redirecting (307) to <GET https://doc-0g-0s-sheets.googleusercontent.com/pub/54bogvaave6cua4cdnls17ksc4/7ufcmgufj0frvdbn18oo9ofpro/1764530615000/113298253395257796703/*/e@2PACX-1vTov1BuA0nkVGTS48arpPFkc9cG7B40Xi3BfY6iqcWTrMwCBg5b50-WwvnvaR6mxvFHbDBtYFKg5IsJ?gid=1&single=true&output=csv> from <GET https://docs.google.com/spreadsheets/d/e/2PACX-1vTov1BuA0nkVGTS48arpPFkc9cG7B40Xi3BfY6iqcWTrMwCBg5b50-WwvnvaR6mxvFHbDBtYFKg5IsJ/pub?gid=1&single=true&output=csv>
2025-11-30 20:23:39,419 - scrapy.core.engine - DEBUG - Crawled (200) <GET https://doc-0g-0s-sheets.googleusercontent.com/pub/54bogvaave6cua4cdnls17ksc4/7ufcmgufj0frvdbn18oo9ofpro/1764530615000/113298253395257796703/*/e@2PACX-1vTov1BuA0nkVGTS48arpPFkc9cG7B40Xi3BfY6iqcWTrMwCBg5b50-WwvnvaR6mxvFHbDBtYFKg5IsJ?gid=1&single=true&output=csv> (referer: None)
2025-11-30 20:23:39,530 - lotto_downloader.spiders.csv_spider - INFO - Respuesta recibida: 200 - 64404 bytes
2025-11-30 20:23:39 [lotto_downloader.spiders.csv_spider] INFO: Respuesta recibida: 200 - 64404 bytes
2025-11-30 20:23:40,700 - lotto_downloader.spiders.csv_spider - INFO - CSV guardado exitosamente en: data/historico_raw.csv
2025-11-30 20:23:40 [lotto_downloader.spiders.csv_spider] INFO: CSV guardado exitosamente en: data/historico_raw.csv
2025-11-30 20:23:40,701 - scrapy.core.engine - INFO - Closing spider (finished)
2025-11-30 20:23:40 [scrapy.core.engine] INFO: Closing spider (finished)
2025-11-30 20:23:40,702 - scrapy.statscollectors - INFO - Dumping Scrapy stats:
{'downloader/request_bytes': 1174,
 'downloader/request_count': 2,
 'downloader/request_method_count/GET': 2,
 'downloader/response_bytes': 31228,
 'downloader/response_count': 2,
 'downloader/response_status_count/200': 1,
 'downloader/response_status_count/307': 1,
 'elapsed_time_seconds': 4.623538,
 'finish_reason': 'finished',
 'finish_time': datetime.datetime(2025, 11, 30, 19, 23, 40, 702311, tzinfo=datetime.timezone.utc),
 'httpcompression/response_bytes': 64404,
 'httpcompression/response_count': 1,
 'items_per_minute': 0.0,
 'log_count/INFO': 16,
 'log_count/WARNING': 1,
 'response_received_count': 1,
 'responses_per_minute': 15.0,
 'scheduler/dequeued': 2,
 'scheduler/dequeued/memory': 2,
 'scheduler/enqueued': 2,
 'scheduler/enqueued/memory': 2,
 'start_time': datetime.datetime(2025, 11, 30, 19, 23, 36, 78773, tzinfo=datetime.timezone.utc)}
2025-11-30 20:23:40 [scrapy.statscollectors] INFO: Dumping Scrapy stats:
{'downloader/request_bytes': 1174,
 'downloader/request_count': 2,
 'downloader/request_method_count/GET': 2,
 'downloader/response_bytes': 31228,
 'downloader/response_count': 2,
 'downloader/response_status_count/200': 1,
 'downloader/response_status_count/307': 1,
 'elapsed_time_seconds': 4.623538,
 'finish_reason': 'finished',
 'finish_time': datetime.datetime(2025, 11, 30, 19, 23, 40, 702311, tzinfo=datetime.timezone.utc),
 'httpcompression/response_bytes': 64404,
 'httpcompression/response_count': 1,
 'items_per_minute': 0.0,
 'log_count/INFO': 16,
 'log_count/WARNING': 1,
 'response_received_count': 1,
 'responses_per_minute': 15.0,
 'scheduler/dequeued': 2,
 'scheduler/dequeued/memory': 2,
 'scheduler/enqueued': 2,
 'scheduler/enqueued/memory': 2,
 'start_time': datetime.datetime(2025, 11, 30, 19, 23, 36, 78773, tzinfo=datetime.timezone.utc)}
2025-11-30 20:23:40,702 - scrapy.core.engine - INFO - Spider closed (finished)
2025-11-30 20:23:40 [scrapy.core.engine] INFO: Spider closed (finished)
2025-11-30 20:26:47,849 - lotto_downloader.downloader - INFO - Iniciando descarga: https://docs.google.com/spreadsheets/d/e/2PACX-1vTov1BuA0nkVGTS48arpPFkc9cG7B40Xi3BfY6iqcWTrMwCBg5b50-WwvnvaR6mxvFHbDBtYFKg5IsJ/pub?gid=1&single=true&output=csv -> data/historico_raw.csv
2025-11-30 20:26:48,442 - scrapy.utils.log - INFO - Scrapy 2.13.4 started (bot: lotto_downloader)
2025-11-30 20:26:48 [scrapy.utils.log] INFO: Scrapy 2.13.4 started (bot: lotto_downloader)
2025-11-30 20:26:48,592 - scrapy.utils.log - INFO - Versions:
{'lxml': '6.0.2',
 'libxml2': '2.11.9',
 'cssselect': '1.3.0',
 'parsel': '1.10.0',
 'w3lib': '2.3.1',
 'Twisted': '25.5.0',
 'Python': '3.13.1 (tags/v3.13.1:0671451, Dec  3 2024, 19:06:28) [MSC v.1942 '
           '64 bit (AMD64)]',
 'pyOpenSSL': '25.3.0 (OpenSSL 3.5.4 30 Sep 2025)',
 'cryptography': '46.0.3',
 'Platform': 'Windows-11-10.0.26100-SP0'}
2025-11-30 20:26:48 [scrapy.utils.log] INFO: Versions:
{'lxml': '6.0.2',
 'libxml2': '2.11.9',
 'cssselect': '1.3.0',
 'parsel': '1.10.0',
 'w3lib': '2.3.1',
 'Twisted': '25.5.0',
 'Python': '3.13.1 (tags/v3.13.1:0671451, Dec  3 2024, 19:06:28) [MSC v.1942 '
           '64 bit (AMD64)]',
 'pyOpenSSL': '25.3.0 (OpenSSL 3.5.4 30 Sep 2025)',
 'cryptography': '46.0.3',
 'Platform': 'Windows-11-10.0.26100-SP0'}
2025-11-30 20:26:48,603 - scrapy.addons - INFO - Enabled addons:
[]
2025-11-30 20:26:48 [scrapy.addons] INFO: Enabled addons:
[]
2025-11-30 20:26:48,610 - asyncio - DEBUG - Using selector: SelectSelector
2025-11-30 20:26:48,627 - scrapy.utils.log - DEBUG - Using reactor: twisted.internet.asyncioreactor.AsyncioSelectorReactor
2025-11-30 20:26:48,627 - scrapy.utils.log - DEBUG - Using asyncio event loop: asyncio.windows_events._WindowsSelectorEventLoop
2025-11-30 20:26:48,636 - scrapy.extensions.telnet - INFO - Telnet Password: 80490465fe38ed1c
2025-11-30 20:26:48 [scrapy.extensions.telnet] INFO: Telnet Password: 80490465fe38ed1c
2025-11-30 20:26:48,674 - scrapy.middleware - INFO - Enabled extensions:
['scrapy.extensions.corestats.CoreStats',
 'scrapy.extensions.telnet.TelnetConsole',
 'scrapy.extensions.logstats.LogStats',
 'scrapy.extensions.throttle.AutoThrottle']
2025-11-30 20:26:48 [scrapy.middleware] INFO: Enabled extensions:
['scrapy.extensions.corestats.CoreStats',
 'scrapy.extensions.telnet.TelnetConsole',
 'scrapy.extensions.logstats.LogStats',
 'scrapy.extensions.throttle.AutoThrottle']
2025-11-30 20:26:48,675 - scrapy.crawler - INFO - Overridden settings:
{'AUTOTHROTTLE_ENABLED': True,
 'AUTOTHROTTLE_MAX_DELAY': 10,
 'AUTOTHROTTLE_START_DELAY': 1,
 'BOT_NAME': 'lotto_downloader',
 'CONCURRENT_REQUESTS': 1,
 'CONCURRENT_REQUESTS_PER_DOMAIN': 1,
 'DOWNLOAD_DELAY': 3,
 'DOWNLOAD_TIMEOUT': 30,
 'LOG_FILE': 'lotto_downloader.log',
 'LOG_LEVEL': 'INFO',
 'NEWSPIDER_MODULE': 'lotto_downloader.spiders',
 'RANDOMIZE_DOWNLOAD_DELAY': 0.5,
 'RETRY_HTTP_CODES': [500, 502, 503, 504, 408, 429],
 'RETRY_TIMES': 3,
 'SPIDER_MODULES': ['lotto_downloader.spiders']}
2025-11-30 20:26:48 [scrapy.crawler] INFO: Overridden settings:
{'AUTOTHROTTLE_ENABLED': True,
 'AUTOTHROTTLE_MAX_DELAY': 10,
 'AUTOTHROTTLE_START_DELAY': 1,
 'BOT_NAME': 'lotto_downloader',
 'CONCURRENT_REQUESTS': 1,
 'CONCURRENT_REQUESTS_PER_DOMAIN': 1,
 'DOWNLOAD_DELAY': 3,
 'DOWNLOAD_TIMEOUT': 30,
 'LOG_FILE': 'lotto_downloader.log',
 'LOG_LEVEL': 'INFO',
 'NEWSPIDER_MODULE': 'lotto_downloader.spiders',
 'RANDOMIZE_DOWNLOAD_DELAY': 0.5,
 'RETRY_HTTP_CODES': [500, 502, 503, 504, 408, 429],
 'RETRY_TIMES': 3,
 'SPIDER_MODULES': ['lotto_downloader.spiders']}
2025-11-30 20:26:48,864 - scrapy.middleware - INFO - Enabled downloader middlewares:
['scrapy.downloadermiddlewares.offsite.OffsiteMiddleware',
 'scrapy.downloadermiddlewares.retry.RetryMiddleware',
 'scrapy.downloadermiddlewares.httpauth.HttpAuthMiddleware',
 'scrapy.downloadermiddlewares.downloadtimeout.DownloadTimeoutMiddleware',
 'scrapy.downloadermiddlewares.defaultheaders.DefaultHeadersMiddleware',
 'lotto_downloader.middlewares.RotateUserAgentMiddleware',
 'scrapy.downloadermiddlewares.redirect.MetaRefreshMiddleware',
 'scrapy.downloadermiddlewares.httpcompression.HttpCompressionMiddleware',
 'scrapy.downloadermiddlewares.redirect.RedirectMiddleware',
 'scrapy.downloadermiddlewares.cookies.CookiesMiddleware',
 'scrapy.downloadermiddlewares.httpproxy.HttpProxyMiddleware',
 'scrapy.downloadermiddlewares.stats.DownloaderStats']
2025-11-30 20:26:48 [scrapy.middleware] INFO: Enabled downloader middlewares:
['scrapy.downloadermiddlewares.offsite.OffsiteMiddleware',
 'scrapy.downloadermiddlewares.retry.RetryMiddleware',
 'scrapy.downloadermiddlewares.httpauth.HttpAuthMiddleware',
 'scrapy.downloadermiddlewares.downloadtimeout.DownloadTimeoutMiddleware',
 'scrapy.downloadermiddlewares.defaultheaders.DefaultHeadersMiddleware',
 'lotto_downloader.middlewares.RotateUserAgentMiddleware',
 'scrapy.downloadermiddlewares.redirect.MetaRefreshMiddleware',
 'scrapy.downloadermiddlewares.httpcompression.HttpCompressionMiddleware',
 'scrapy.downloadermiddlewares.redirect.RedirectMiddleware',
 'scrapy.downloadermiddlewares.cookies.CookiesMiddleware',
 'scrapy.downloadermiddlewares.httpproxy.HttpProxyMiddleware',
 'scrapy.downloadermiddlewares.stats.DownloaderStats']
2025-11-30 20:26:48,876 - scrapy.middleware - INFO - Enabled spider middlewares:
['scrapy.spidermiddlewares.start.StartSpiderMiddleware',
 'scrapy.spidermiddlewares.httperror.HttpErrorMiddleware',
 'scrapy.spidermiddlewares.referer.RefererMiddleware',
 'scrapy.spidermiddlewares.urllength.UrlLengthMiddleware',
 'scrapy.spidermiddlewares.depth.DepthMiddleware']
2025-11-30 20:26:48 [scrapy.middleware] INFO: Enabled spider middlewares:
['scrapy.spidermiddlewares.start.StartSpiderMiddleware',
 'scrapy.spidermiddlewares.httperror.HttpErrorMiddleware',
 'scrapy.spidermiddlewares.referer.RefererMiddleware',
 'scrapy.spidermiddlewares.urllength.UrlLengthMiddleware',
 'scrapy.spidermiddlewares.depth.DepthMiddleware']
2025-11-30 20:26:48,878 - scrapy.middleware - INFO - Enabled item pipelines:
[]
2025-11-30 20:26:48 [scrapy.middleware] INFO: Enabled item pipelines:
[]
2025-11-30 20:26:48,879 - scrapy.core.engine - INFO - Spider opened
2025-11-30 20:26:48 [scrapy.core.engine] INFO: Spider opened
2025-11-30 20:26:48,899 - py.warnings - WARNING - D:\BDCT\LottoAppTest\.lotto_env\Lib\site-packages\scrapy\core\spidermw.py:433: ScrapyDeprecationWarning: lotto_downloader.spiders.csv_spider.CSVSpider defines the deprecated start_requests() method. start_requests() has been deprecated in favor of a new method, start(), to support asynchronous code execution. start_requests() will stop being called in a future version of Scrapy. If you use Scrapy 2.13 or higher only, replace start_requests() with start(); note that start() is a coroutine (async def). If you need to maintain compatibility with lower Scrapy versions, when overriding start_requests() in a spider class, override start() as well; you can use super() to reuse the inherited start() implementation without copy-pasting. See the release notes of Scrapy 2.13 for details: https://docs.scrapy.org/en/2.13/news.html
  warn(

2025-11-30 20:26:48 [py.warnings] WARNING: D:\BDCT\LottoAppTest\.lotto_env\Lib\site-packages\scrapy\core\spidermw.py:433: ScrapyDeprecationWarning: lotto_downloader.spiders.csv_spider.CSVSpider defines the deprecated start_requests() method. start_requests() has been deprecated in favor of a new method, start(), to support asynchronous code execution. start_requests() will stop being called in a future version of Scrapy. If you use Scrapy 2.13 or higher only, replace start_requests() with start(); note that start() is a coroutine (async def). If you need to maintain compatibility with lower Scrapy versions, when overriding start_requests() in a spider class, override start() as well; you can use super() to reuse the inherited start() implementation without copy-pasting. See the release notes of Scrapy 2.13 for details: https://docs.scrapy.org/en/2.13/news.html
  warn(

2025-11-30 20:26:48,900 - scrapy.extensions.logstats - INFO - Crawled 0 pages (at 0 pages/min), scraped 0 items (at 0 items/min)
2025-11-30 20:26:48 [scrapy.extensions.logstats] INFO: Crawled 0 pages (at 0 pages/min), scraped 0 items (at 0 items/min)
2025-11-30 20:26:48,904 - scrapy.extensions.telnet - INFO - Telnet console listening on 127.0.0.1:6023
2025-11-30 20:26:48 [scrapy.extensions.telnet] INFO: Telnet console listening on 127.0.0.1:6023
2025-11-30 20:26:48,904 - lotto_downloader.spiders.csv_spider - INFO - Iniciando descarga de CSV
2025-11-30 20:26:48 [lotto_downloader.spiders.csv_spider] INFO: Iniciando descarga de CSV
2025-11-30 20:26:48,905 - lotto_downloader.spiders.csv_spider - INFO - Verificación VPN deshabilitada
2025-11-30 20:26:48 [lotto_downloader.spiders.csv_spider] INFO: Verificación VPN deshabilitada
2025-11-30 20:26:48,905 - lotto_downloader.spiders.csv_spider - INFO - VPN verificada. Iniciando descarga...
2025-11-30 20:26:48 [lotto_downloader.spiders.csv_spider] INFO: VPN verificada. Iniciando descarga...
2025-11-30 20:26:48,905 - lotto_downloader.spiders.csv_spider - INFO - Solicitando: https://docs.google.com/spreadsheets/d/e/2PACX-1vTov1BuA0nkVGTS48arpPFkc9cG7B40Xi3BfY6iqcWTrMwCBg5b50-WwvnvaR6mxvFHbDBtYFKg5IsJ/pub?gid=1&single=true&output=csv
2025-11-30 20:26:48 [lotto_downloader.spiders.csv_spider] INFO: Solicitando: https://docs.google.com/spreadsheets/d/e/2PACX-1vTov1BuA0nkVGTS48arpPFkc9cG7B40Xi3BfY6iqcWTrMwCBg5b50-WwvnvaR6mxvFHbDBtYFKg5IsJ/pub?gid=1&single=true&output=csv
2025-11-30 20:26:49,868 - scrapy.downloadermiddlewares.redirect - DEBUG - Redirecting (307) to <GET https://doc-0g-0s-sheets.googleusercontent.com/pub/54bogvaave6cua4cdnls17ksc4/0d4i79602vihsmac5lemslhfu4/1764530810000/113298253395257796703/*/e@2PACX-1vTov1BuA0nkVGTS48arpPFkc9cG7B40Xi3BfY6iqcWTrMwCBg5b50-WwvnvaR6mxvFHbDBtYFKg5IsJ?gid=1&single=true&output=csv> from <GET https://docs.google.com/spreadsheets/d/e/2PACX-1vTov1BuA0nkVGTS48arpPFkc9cG7B40Xi3BfY6iqcWTrMwCBg5b50-WwvnvaR6mxvFHbDBtYFKg5IsJ/pub?gid=1&single=true&output=csv>
2025-11-30 20:26:53,252 - scrapy.core.engine - DEBUG - Crawled (200) <GET https://doc-0g-0s-sheets.googleusercontent.com/pub/54bogvaave6cua4cdnls17ksc4/0d4i79602vihsmac5lemslhfu4/1764530810000/113298253395257796703/*/e@2PACX-1vTov1BuA0nkVGTS48arpPFkc9cG7B40Xi3BfY6iqcWTrMwCBg5b50-WwvnvaR6mxvFHbDBtYFKg5IsJ?gid=1&single=true&output=csv> (referer: None)
2025-11-30 20:26:53,361 - lotto_downloader.spiders.csv_spider - INFO - Respuesta recibida: 200 - 64404 bytes
2025-11-30 20:26:53 [lotto_downloader.spiders.csv_spider] INFO: Respuesta recibida: 200 - 64404 bytes
2025-11-30 20:26:53,386 - lotto_downloader.spiders.csv_spider - INFO - CSV guardado exitosamente en: data/historico_raw.csv
2025-11-30 20:26:53 [lotto_downloader.spiders.csv_spider] INFO: CSV guardado exitosamente en: data/historico_raw.csv
2025-11-30 20:26:53,387 - scrapy.core.engine - INFO - Closing spider (finished)
2025-11-30 20:26:53 [scrapy.core.engine] INFO: Closing spider (finished)
2025-11-30 20:26:53,388 - scrapy.statscollectors - INFO - Dumping Scrapy stats:
{'downloader/request_bytes': 1166,
 'downloader/request_count': 2,
 'downloader/request_method_count/GET': 2,
 'downloader/response_bytes': 31277,
 'downloader/response_count': 2,
 'downloader/response_status_count/200': 1,
 'downloader/response_status_count/307': 1,
 'elapsed_time_seconds': 4.487716,
 'finish_reason': 'finished',
 'finish_time': datetime.datetime(2025, 11, 30, 19, 26, 53, 388160, tzinfo=datetime.timezone.utc),
 'httpcompression/response_bytes': 64404,
 'httpcompression/response_count': 1,
 'items_per_minute': 0.0,
 'log_count/INFO': 16,
 'log_count/WARNING': 1,
 'response_received_count': 1,
 'responses_per_minute': 15.0,
 'scheduler/dequeued': 2,
 'scheduler/dequeued/memory': 2,
 'scheduler/enqueued': 2,
 'scheduler/enqueued/memory': 2,
 'start_time': datetime.datetime(2025, 11, 30, 19, 26, 48, 900444, tzinfo=datetime.timezone.utc)}
2025-11-30 20:26:53 [scrapy.statscollectors] INFO: Dumping Scrapy stats:
{'downloader/request_bytes': 1166,
 'downloader/request_count': 2,
 'downloader/request_method_count/GET': 2,
 'downloader/response_bytes': 31277,
 'downloader/response_count': 2,
 'downloader/response_status_count/200': 1,
 'downloader/response_status_count/307': 1,
 'elapsed_time_seconds': 4.487716,
 'finish_reason': 'finished',
 'finish_time': datetime.datetime(2025, 11, 30, 19, 26, 53, 388160, tzinfo=datetime.timezone.utc),
 'httpcompression/response_bytes': 64404,
 'httpcompression/response_count': 1,
 'items_per_minute': 0.0,
 'log_count/INFO': 16,
 'log_count/WARNING': 1,
 'response_received_count': 1,
 'responses_per_minute': 15.0,
 'scheduler/dequeued': 2,
 'scheduler/dequeued/memory': 2,
 'scheduler/enqueued': 2,
 'scheduler/enqueued/memory': 2,
 'start_time': datetime.datetime(2025, 11, 30, 19, 26, 48, 900444, tzinfo=datetime.timezone.utc)}
2025-11-30 20:26:53,388 - scrapy.core.engine - INFO - Spider closed (finished)
2025-11-30 20:26:53 [scrapy.core.engine] INFO: Spider closed (finished)
2025-11-30 20:30:20,049 - lotto_downloader.downloader - INFO - Iniciando descarga: https://docs.google.com/spreadsheets/d/e/2PACX-1vTov1BuA0nkVGTS48arpPFkc9cG7B40Xi3BfY6iqcWTrMwCBg5b50-WwvnvaR6mxvFHbDBtYFKg5IsJ/pub?gid=1&single=true&output=csv -> data/historico_raw.csv
2025-11-30 20:30:20,067 - scrapy.utils.log - INFO - Scrapy 2.13.4 started (bot: lotto_downloader)
2025-11-30 20:30:20 [scrapy.utils.log] INFO: Scrapy 2.13.4 started (bot: lotto_downloader)
2025-11-30 20:30:20,179 - scrapy.utils.log - INFO - Versions:
{'lxml': '6.0.2',
 'libxml2': '2.11.9',
 'cssselect': '1.3.0',
 'parsel': '1.10.0',
 'w3lib': '2.3.1',
 'Twisted': '25.5.0',
 'Python': '3.13.1 (tags/v3.13.1:0671451, Dec  3 2024, 19:06:28) [MSC v.1942 '
           '64 bit (AMD64)]',
 'pyOpenSSL': '25.3.0 (OpenSSL 3.5.4 30 Sep 2025)',
 'cryptography': '46.0.3',
 'Platform': 'Windows-11-10.0.26100-SP0'}
2025-11-30 20:30:20 [scrapy.utils.log] INFO: Versions:
{'lxml': '6.0.2',
 'libxml2': '2.11.9',
 'cssselect': '1.3.0',
 'parsel': '1.10.0',
 'w3lib': '2.3.1',
 'Twisted': '25.5.0',
 'Python': '3.13.1 (tags/v3.13.1:0671451, Dec  3 2024, 19:06:28) [MSC v.1942 '
           '64 bit (AMD64)]',
 'pyOpenSSL': '25.3.0 (OpenSSL 3.5.4 30 Sep 2025)',
 'cryptography': '46.0.3',
 'Platform': 'Windows-11-10.0.26100-SP0'}
2025-11-30 20:30:20,192 - scrapy.addons - INFO - Enabled addons:
[]
2025-11-30 20:30:20 [scrapy.addons] INFO: Enabled addons:
[]
2025-11-30 20:30:20,197 - asyncio - DEBUG - Using selector: SelectSelector
2025-11-30 20:30:20,210 - scrapy.utils.log - DEBUG - Using reactor: twisted.internet.asyncioreactor.AsyncioSelectorReactor
2025-11-30 20:30:20,210 - scrapy.utils.log - DEBUG - Using asyncio event loop: asyncio.windows_events._WindowsSelectorEventLoop
2025-11-30 20:30:20,217 - scrapy.extensions.telnet - INFO - Telnet Password: deb8df7cf8f2bb97
2025-11-30 20:30:20 [scrapy.extensions.telnet] INFO: Telnet Password: deb8df7cf8f2bb97
2025-11-30 20:30:20,236 - scrapy.middleware - INFO - Enabled extensions:
['scrapy.extensions.corestats.CoreStats',
 'scrapy.extensions.telnet.TelnetConsole',
 'scrapy.extensions.logstats.LogStats',
 'scrapy.extensions.throttle.AutoThrottle']
2025-11-30 20:30:20 [scrapy.middleware] INFO: Enabled extensions:
['scrapy.extensions.corestats.CoreStats',
 'scrapy.extensions.telnet.TelnetConsole',
 'scrapy.extensions.logstats.LogStats',
 'scrapy.extensions.throttle.AutoThrottle']
2025-11-30 20:30:20,237 - scrapy.crawler - INFO - Overridden settings:
{'AUTOTHROTTLE_ENABLED': True,
 'AUTOTHROTTLE_MAX_DELAY': 10,
 'AUTOTHROTTLE_START_DELAY': 1,
 'BOT_NAME': 'lotto_downloader',
 'CONCURRENT_REQUESTS': 1,
 'CONCURRENT_REQUESTS_PER_DOMAIN': 1,
 'DOWNLOAD_DELAY': 3,
 'DOWNLOAD_TIMEOUT': 30,
 'LOG_FILE': 'lotto_downloader.log',
 'LOG_LEVEL': 'INFO',
 'NEWSPIDER_MODULE': 'lotto_downloader.spiders',
 'RANDOMIZE_DOWNLOAD_DELAY': 0.5,
 'RETRY_HTTP_CODES': [500, 502, 503, 504, 408, 429],
 'RETRY_TIMES': 3,
 'SPIDER_MODULES': ['lotto_downloader.spiders']}
2025-11-30 20:30:20 [scrapy.crawler] INFO: Overridden settings:
{'AUTOTHROTTLE_ENABLED': True,
 'AUTOTHROTTLE_MAX_DELAY': 10,
 'AUTOTHROTTLE_START_DELAY': 1,
 'BOT_NAME': 'lotto_downloader',
 'CONCURRENT_REQUESTS': 1,
 'CONCURRENT_REQUESTS_PER_DOMAIN': 1,
 'DOWNLOAD_DELAY': 3,
 'DOWNLOAD_TIMEOUT': 30,
 'LOG_FILE': 'lotto_downloader.log',
 'LOG_LEVEL': 'INFO',
 'NEWSPIDER_MODULE': 'lotto_downloader.spiders',
 'RANDOMIZE_DOWNLOAD_DELAY': 0.5,
 'RETRY_HTTP_CODES': [500, 502, 503, 504, 408, 429],
 'RETRY_TIMES': 3,
 'SPIDER_MODULES': ['lotto_downloader.spiders']}
2025-11-30 20:30:20,351 - scrapy.middleware - INFO - Enabled downloader middlewares:
['scrapy.downloadermiddlewares.offsite.OffsiteMiddleware',
 'scrapy.downloadermiddlewares.retry.RetryMiddleware',
 'scrapy.downloadermiddlewares.httpauth.HttpAuthMiddleware',
 'scrapy.downloadermiddlewares.downloadtimeout.DownloadTimeoutMiddleware',
 'scrapy.downloadermiddlewares.defaultheaders.DefaultHeadersMiddleware',
 'lotto_downloader.middlewares.RotateUserAgentMiddleware',
 'scrapy.downloadermiddlewares.redirect.MetaRefreshMiddleware',
 'scrapy.downloadermiddlewares.httpcompression.HttpCompressionMiddleware',
 'scrapy.downloadermiddlewares.redirect.RedirectMiddleware',
 'scrapy.downloadermiddlewares.cookies.CookiesMiddleware',
 'scrapy.downloadermiddlewares.httpproxy.HttpProxyMiddleware',
 'scrapy.downloadermiddlewares.stats.DownloaderStats']
2025-11-30 20:30:20 [scrapy.middleware] INFO: Enabled downloader middlewares:
['scrapy.downloadermiddlewares.offsite.OffsiteMiddleware',
 'scrapy.downloadermiddlewares.retry.RetryMiddleware',
 'scrapy.downloadermiddlewares.httpauth.HttpAuthMiddleware',
 'scrapy.downloadermiddlewares.downloadtimeout.DownloadTimeoutMiddleware',
 'scrapy.downloadermiddlewares.defaultheaders.DefaultHeadersMiddleware',
 'lotto_downloader.middlewares.RotateUserAgentMiddleware',
 'scrapy.downloadermiddlewares.redirect.MetaRefreshMiddleware',
 'scrapy.downloadermiddlewares.httpcompression.HttpCompressionMiddleware',
 'scrapy.downloadermiddlewares.redirect.RedirectMiddleware',
 'scrapy.downloadermiddlewares.cookies.CookiesMiddleware',
 'scrapy.downloadermiddlewares.httpproxy.HttpProxyMiddleware',
 'scrapy.downloadermiddlewares.stats.DownloaderStats']
2025-11-30 20:30:20,357 - scrapy.middleware - INFO - Enabled spider middlewares:
['scrapy.spidermiddlewares.start.StartSpiderMiddleware',
 'scrapy.spidermiddlewares.httperror.HttpErrorMiddleware',
 'scrapy.spidermiddlewares.referer.RefererMiddleware',
 'scrapy.spidermiddlewares.urllength.UrlLengthMiddleware',
 'scrapy.spidermiddlewares.depth.DepthMiddleware']
2025-11-30 20:30:20 [scrapy.middleware] INFO: Enabled spider middlewares:
['scrapy.spidermiddlewares.start.StartSpiderMiddleware',
 'scrapy.spidermiddlewares.httperror.HttpErrorMiddleware',
 'scrapy.spidermiddlewares.referer.RefererMiddleware',
 'scrapy.spidermiddlewares.urllength.UrlLengthMiddleware',
 'scrapy.spidermiddlewares.depth.DepthMiddleware']
2025-11-30 20:30:20,362 - scrapy.middleware - INFO - Enabled item pipelines:
[]
2025-11-30 20:30:20 [scrapy.middleware] INFO: Enabled item pipelines:
[]
2025-11-30 20:30:20,363 - scrapy.core.engine - INFO - Spider opened
2025-11-30 20:30:20 [scrapy.core.engine] INFO: Spider opened
2025-11-30 20:30:20,376 - py.warnings - WARNING - D:\BDCT\LottoAppTest\.lotto_env\Lib\site-packages\scrapy\core\spidermw.py:433: ScrapyDeprecationWarning: lotto_downloader.spiders.csv_spider.CSVSpider defines the deprecated start_requests() method. start_requests() has been deprecated in favor of a new method, start(), to support asynchronous code execution. start_requests() will stop being called in a future version of Scrapy. If you use Scrapy 2.13 or higher only, replace start_requests() with start(); note that start() is a coroutine (async def). If you need to maintain compatibility with lower Scrapy versions, when overriding start_requests() in a spider class, override start() as well; you can use super() to reuse the inherited start() implementation without copy-pasting. See the release notes of Scrapy 2.13 for details: https://docs.scrapy.org/en/2.13/news.html
  warn(

2025-11-30 20:30:20 [py.warnings] WARNING: D:\BDCT\LottoAppTest\.lotto_env\Lib\site-packages\scrapy\core\spidermw.py:433: ScrapyDeprecationWarning: lotto_downloader.spiders.csv_spider.CSVSpider defines the deprecated start_requests() method. start_requests() has been deprecated in favor of a new method, start(), to support asynchronous code execution. start_requests() will stop being called in a future version of Scrapy. If you use Scrapy 2.13 or higher only, replace start_requests() with start(); note that start() is a coroutine (async def). If you need to maintain compatibility with lower Scrapy versions, when overriding start_requests() in a spider class, override start() as well; you can use super() to reuse the inherited start() implementation without copy-pasting. See the release notes of Scrapy 2.13 for details: https://docs.scrapy.org/en/2.13/news.html
  warn(

2025-11-30 20:30:20,377 - scrapy.extensions.logstats - INFO - Crawled 0 pages (at 0 pages/min), scraped 0 items (at 0 items/min)
2025-11-30 20:30:20 [scrapy.extensions.logstats] INFO: Crawled 0 pages (at 0 pages/min), scraped 0 items (at 0 items/min)
2025-11-30 20:30:20,380 - scrapy.extensions.telnet - INFO - Telnet console listening on 127.0.0.1:6023
2025-11-30 20:30:20 [scrapy.extensions.telnet] INFO: Telnet console listening on 127.0.0.1:6023
2025-11-30 20:30:20,380 - lotto_downloader.spiders.csv_spider - INFO - Iniciando descarga de CSV
2025-11-30 20:30:20 [lotto_downloader.spiders.csv_spider] INFO: Iniciando descarga de CSV
2025-11-30 20:30:20,380 - lotto_downloader.spiders.csv_spider - INFO - Verificación VPN deshabilitada
2025-11-30 20:30:20 [lotto_downloader.spiders.csv_spider] INFO: Verificación VPN deshabilitada
2025-11-30 20:30:20,381 - lotto_downloader.spiders.csv_spider - INFO - VPN verificada. Iniciando descarga...
2025-11-30 20:30:20 [lotto_downloader.spiders.csv_spider] INFO: VPN verificada. Iniciando descarga...
2025-11-30 20:30:20,381 - lotto_downloader.spiders.csv_spider - INFO - Solicitando: https://docs.google.com/spreadsheets/d/e/2PACX-1vTov1BuA0nkVGTS48arpPFkc9cG7B40Xi3BfY6iqcWTrMwCBg5b50-WwvnvaR6mxvFHbDBtYFKg5IsJ/pub?gid=1&single=true&output=csv
2025-11-30 20:30:20 [lotto_downloader.spiders.csv_spider] INFO: Solicitando: https://docs.google.com/spreadsheets/d/e/2PACX-1vTov1BuA0nkVGTS48arpPFkc9cG7B40Xi3BfY6iqcWTrMwCBg5b50-WwvnvaR6mxvFHbDBtYFKg5IsJ/pub?gid=1&single=true&output=csv
2025-11-30 20:30:21,674 - scrapy.downloadermiddlewares.redirect - DEBUG - Redirecting (307) to <GET https://doc-0g-0s-sheets.googleusercontent.com/pub/54bogvaave6cua4cdnls17ksc4/8cb0b1p8biqsag99p4tp22gpgs/1764531020000/113298253395257796703/*/e@2PACX-1vTov1BuA0nkVGTS48arpPFkc9cG7B40Xi3BfY6iqcWTrMwCBg5b50-WwvnvaR6mxvFHbDBtYFKg5IsJ?gid=1&single=true&output=csv> from <GET https://docs.google.com/spreadsheets/d/e/2PACX-1vTov1BuA0nkVGTS48arpPFkc9cG7B40Xi3BfY6iqcWTrMwCBg5b50-WwvnvaR6mxvFHbDBtYFKg5IsJ/pub?gid=1&single=true&output=csv>
2025-11-30 20:30:24,527 - scrapy.core.engine - DEBUG - Crawled (200) <GET https://doc-0g-0s-sheets.googleusercontent.com/pub/54bogvaave6cua4cdnls17ksc4/8cb0b1p8biqsag99p4tp22gpgs/1764531020000/113298253395257796703/*/e@2PACX-1vTov1BuA0nkVGTS48arpPFkc9cG7B40Xi3BfY6iqcWTrMwCBg5b50-WwvnvaR6mxvFHbDBtYFKg5IsJ?gid=1&single=true&output=csv> (referer: None)
2025-11-30 20:30:24,643 - lotto_downloader.spiders.csv_spider - INFO - Respuesta recibida: 200 - 64404 bytes
2025-11-30 20:30:24 [lotto_downloader.spiders.csv_spider] INFO: Respuesta recibida: 200 - 64404 bytes
2025-11-30 20:30:24,671 - lotto_downloader.spiders.csv_spider - INFO - CSV guardado exitosamente en: data/historico_raw.csv
2025-11-30 20:30:24 [lotto_downloader.spiders.csv_spider] INFO: CSV guardado exitosamente en: data/historico_raw.csv
2025-11-30 20:30:24,672 - scrapy.core.engine - INFO - Closing spider (finished)
2025-11-30 20:30:24 [scrapy.core.engine] INFO: Closing spider (finished)
2025-11-30 20:30:24,673 - scrapy.statscollectors - INFO - Dumping Scrapy stats:
{'downloader/request_bytes': 1135,
 'downloader/request_count': 2,
 'downloader/request_method_count/GET': 2,
 'downloader/response_bytes': 31248,
 'downloader/response_count': 2,
 'downloader/response_status_count/200': 1,
 'downloader/response_status_count/307': 1,
 'elapsed_time_seconds': 4.295777,
 'finish_reason': 'finished',
 'finish_time': datetime.datetime(2025, 11, 30, 19, 30, 24, 672964, tzinfo=datetime.timezone.utc),
 'httpcompression/response_bytes': 64404,
 'httpcompression/response_count': 1,
 'items_per_minute': 0.0,
 'log_count/INFO': 16,
 'log_count/WARNING': 1,
 'response_received_count': 1,
 'responses_per_minute': 15.0,
 'scheduler/dequeued': 2,
 'scheduler/dequeued/memory': 2,
 'scheduler/enqueued': 2,
 'scheduler/enqueued/memory': 2,
 'start_time': datetime.datetime(2025, 11, 30, 19, 30, 20, 377187, tzinfo=datetime.timezone.utc)}
2025-11-30 20:30:24 [scrapy.statscollectors] INFO: Dumping Scrapy stats:
{'downloader/request_bytes': 1135,
 'downloader/request_count': 2,
 'downloader/request_method_count/GET': 2,
 'downloader/response_bytes': 31248,
 'downloader/response_count': 2,
 'downloader/response_status_count/200': 1,
 'downloader/response_status_count/307': 1,
 'elapsed_time_seconds': 4.295777,
 'finish_reason': 'finished',
 'finish_time': datetime.datetime(2025, 11, 30, 19, 30, 24, 672964, tzinfo=datetime.timezone.utc),
 'httpcompression/response_bytes': 64404,
 'httpcompression/response_count': 1,
 'items_per_minute': 0.0,
 'log_count/INFO': 16,
 'log_count/WARNING': 1,
 'response_received_count': 1,
 'responses_per_minute': 15.0,
 'scheduler/dequeued': 2,
 'scheduler/dequeued/memory': 2,
 'scheduler/enqueued': 2,
 'scheduler/enqueued/memory': 2,
 'start_time': datetime.datetime(2025, 11, 30, 19, 30, 20, 377187, tzinfo=datetime.timezone.utc)}
2025-11-30 20:30:24,673 - scrapy.core.engine - INFO - Spider closed (finished)
2025-11-30 20:30:24 [scrapy.core.engine] INFO: Spider closed (finished)
2025-12-30 07:44:26,061 - lotto_downloader.downloader - INFO - Iniciando descarga: https://docs.google.com/spreadsheets/d/e/2PACX-1vTov1BuA0nkVGTS48arpPFkc9cG7B40Xi3BfY6iqcWTrMwCBg5b50-WwvnvaR6mxvFHbDBtYFKg5IsJ/pub?gid=1&single=true&output=csv -> data/historico_raw.csv
2025-12-30 07:44:26,093 - scrapy.utils.log - INFO - Scrapy 2.13.4 started (bot: lotto_downloader)
2025-12-30 07:44:26 [scrapy.utils.log] INFO: Scrapy 2.13.4 started (bot: lotto_downloader)
2025-12-30 07:44:26,301 - scrapy.utils.log - INFO - Versions:
{'lxml': '6.0.2',
 'libxml2': '2.11.9',
 'cssselect': '1.3.0',
 'parsel': '1.10.0',
 'w3lib': '2.3.1',
 'Twisted': '25.5.0',
 'Python': '3.13.1 (tags/v3.13.1:0671451, Dec  3 2024, 19:06:28) [MSC v.1942 '
           '64 bit (AMD64)]',
 'pyOpenSSL': '25.3.0 (OpenSSL 3.5.4 30 Sep 2025)',
 'cryptography': '46.0.3',
 'Platform': 'Windows-11-10.0.26200-SP0'}
2025-12-30 07:44:26 [scrapy.utils.log] INFO: Versions:
{'lxml': '6.0.2',
 'libxml2': '2.11.9',
 'cssselect': '1.3.0',
 'parsel': '1.10.0',
 'w3lib': '2.3.1',
 'Twisted': '25.5.0',
 'Python': '3.13.1 (tags/v3.13.1:0671451, Dec  3 2024, 19:06:28) [MSC v.1942 '
           '64 bit (AMD64)]',
 'pyOpenSSL': '25.3.0 (OpenSSL 3.5.4 30 Sep 2025)',
 'cryptography': '46.0.3',
 'Platform': 'Windows-11-10.0.26200-SP0'}
2025-12-30 07:44:26,306 - scrapy.addons - INFO - Enabled addons:
[]
2025-12-30 07:44:26 [scrapy.addons] INFO: Enabled addons:
[]
2025-12-30 07:44:26,338 - asyncio - DEBUG - Using selector: SelectSelector
2025-12-30 07:44:26,345 - scrapy.utils.log - DEBUG - Using reactor: twisted.internet.asyncioreactor.AsyncioSelectorReactor
2025-12-30 07:44:26,346 - scrapy.utils.log - DEBUG - Using asyncio event loop: asyncio.windows_events._WindowsSelectorEventLoop
2025-12-30 07:44:26,445 - scrapy.extensions.telnet - INFO - Telnet Password: 3f777fa856739759
2025-12-30 07:44:26 [scrapy.extensions.telnet] INFO: Telnet Password: 3f777fa856739759
2025-12-30 07:44:26,483 - scrapy.middleware - INFO - Enabled extensions:
['scrapy.extensions.corestats.CoreStats',
 'scrapy.extensions.telnet.TelnetConsole',
 'scrapy.extensions.logstats.LogStats',
 'scrapy.extensions.throttle.AutoThrottle']
2025-12-30 07:44:26 [scrapy.middleware] INFO: Enabled extensions:
['scrapy.extensions.corestats.CoreStats',
 'scrapy.extensions.telnet.TelnetConsole',
 'scrapy.extensions.logstats.LogStats',
 'scrapy.extensions.throttle.AutoThrottle']
2025-12-30 07:44:26,483 - scrapy.crawler - INFO - Overridden settings:
{'AUTOTHROTTLE_ENABLED': True,
 'AUTOTHROTTLE_MAX_DELAY': 10,
 'AUTOTHROTTLE_START_DELAY': 1,
 'BOT_NAME': 'lotto_downloader',
 'CONCURRENT_REQUESTS': 1,
 'CONCURRENT_REQUESTS_PER_DOMAIN': 1,
 'DOWNLOAD_DELAY': 3,
 'DOWNLOAD_TIMEOUT': 30,
 'LOG_FILE': 'lotto_downloader.log',
 'LOG_LEVEL': 'INFO',
 'NEWSPIDER_MODULE': 'lotto_downloader.spiders',
 'RANDOMIZE_DOWNLOAD_DELAY': 0.5,
 'RETRY_HTTP_CODES': [500, 502, 503, 504, 408, 429],
 'RETRY_TIMES': 3,
 'SPIDER_MODULES': ['lotto_downloader.spiders']}
2025-12-30 07:44:26 [scrapy.crawler] INFO: Overridden settings:
{'AUTOTHROTTLE_ENABLED': True,
 'AUTOTHROTTLE_MAX_DELAY': 10,
 'AUTOTHROTTLE_START_DELAY': 1,
 'BOT_NAME': 'lotto_downloader',
 'CONCURRENT_REQUESTS': 1,
 'CONCURRENT_REQUESTS_PER_DOMAIN': 1,
 'DOWNLOAD_DELAY': 3,
 'DOWNLOAD_TIMEOUT': 30,
 'LOG_FILE': 'lotto_downloader.log',
 'LOG_LEVEL': 'INFO',
 'NEWSPIDER_MODULE': 'lotto_downloader.spiders',
 'RANDOMIZE_DOWNLOAD_DELAY': 0.5,
 'RETRY_HTTP_CODES': [500, 502, 503, 504, 408, 429],
 'RETRY_TIMES': 3,
 'SPIDER_MODULES': ['lotto_downloader.spiders']}
2025-12-30 07:44:27,265 - scrapy.middleware - INFO - Enabled downloader middlewares:
['scrapy.downloadermiddlewares.offsite.OffsiteMiddleware',
 'scrapy.downloadermiddlewares.retry.RetryMiddleware',
 'scrapy.downloadermiddlewares.httpauth.HttpAuthMiddleware',
 'scrapy.downloadermiddlewares.downloadtimeout.DownloadTimeoutMiddleware',
 'scrapy.downloadermiddlewares.defaultheaders.DefaultHeadersMiddleware',
 'lotto_downloader.middlewares.RotateUserAgentMiddleware',
 'scrapy.downloadermiddlewares.redirect.MetaRefreshMiddleware',
 'scrapy.downloadermiddlewares.httpcompression.HttpCompressionMiddleware',
 'scrapy.downloadermiddlewares.redirect.RedirectMiddleware',
 'scrapy.downloadermiddlewares.cookies.CookiesMiddleware',
 'scrapy.downloadermiddlewares.httpproxy.HttpProxyMiddleware',
 'scrapy.downloadermiddlewares.stats.DownloaderStats']
2025-12-30 07:44:27 [scrapy.middleware] INFO: Enabled downloader middlewares:
['scrapy.downloadermiddlewares.offsite.OffsiteMiddleware',
 'scrapy.downloadermiddlewares.retry.RetryMiddleware',
 'scrapy.downloadermiddlewares.httpauth.HttpAuthMiddleware',
 'scrapy.downloadermiddlewares.downloadtimeout.DownloadTimeoutMiddleware',
 'scrapy.downloadermiddlewares.defaultheaders.DefaultHeadersMiddleware',
 'lotto_downloader.middlewares.RotateUserAgentMiddleware',
 'scrapy.downloadermiddlewares.redirect.MetaRefreshMiddleware',
 'scrapy.downloadermiddlewares.httpcompression.HttpCompressionMiddleware',
 'scrapy.downloadermiddlewares.redirect.RedirectMiddleware',
 'scrapy.downloadermiddlewares.cookies.CookiesMiddleware',
 'scrapy.downloadermiddlewares.httpproxy.HttpProxyMiddleware',
 'scrapy.downloadermiddlewares.stats.DownloaderStats']
2025-12-30 07:44:27,341 - scrapy.middleware - INFO - Enabled spider middlewares:
['scrapy.spidermiddlewares.start.StartSpiderMiddleware',
 'scrapy.spidermiddlewares.httperror.HttpErrorMiddleware',
 'scrapy.spidermiddlewares.referer.RefererMiddleware',
 'scrapy.spidermiddlewares.urllength.UrlLengthMiddleware',
 'scrapy.spidermiddlewares.depth.DepthMiddleware']
2025-12-30 07:44:27 [scrapy.middleware] INFO: Enabled spider middlewares:
['scrapy.spidermiddlewares.start.StartSpiderMiddleware',
 'scrapy.spidermiddlewares.httperror.HttpErrorMiddleware',
 'scrapy.spidermiddlewares.referer.RefererMiddleware',
 'scrapy.spidermiddlewares.urllength.UrlLengthMiddleware',
 'scrapy.spidermiddlewares.depth.DepthMiddleware']
2025-12-30 07:44:27,350 - scrapy.middleware - INFO - Enabled item pipelines:
[]
2025-12-30 07:44:27 [scrapy.middleware] INFO: Enabled item pipelines:
[]
2025-12-30 07:44:27,351 - scrapy.core.engine - INFO - Spider opened
2025-12-30 07:44:27 [scrapy.core.engine] INFO: Spider opened
2025-12-30 07:44:27,423 - py.warnings - WARNING - F:\PROPIO\BDTC\LottoAppTest\.lotto_env\Lib\site-packages\scrapy\core\spidermw.py:433: ScrapyDeprecationWarning: lotto_downloader.spiders.csv_spider.CSVSpider defines the deprecated start_requests() method. start_requests() has been deprecated in favor of a new method, start(), to support asynchronous code execution. start_requests() will stop being called in a future version of Scrapy. If you use Scrapy 2.13 or higher only, replace start_requests() with start(); note that start() is a coroutine (async def). If you need to maintain compatibility with lower Scrapy versions, when overriding start_requests() in a spider class, override start() as well; you can use super() to reuse the inherited start() implementation without copy-pasting. See the release notes of Scrapy 2.13 for details: https://docs.scrapy.org/en/2.13/news.html
  warn(

2025-12-30 07:44:27 [py.warnings] WARNING: F:\PROPIO\BDTC\LottoAppTest\.lotto_env\Lib\site-packages\scrapy\core\spidermw.py:433: ScrapyDeprecationWarning: lotto_downloader.spiders.csv_spider.CSVSpider defines the deprecated start_requests() method. start_requests() has been deprecated in favor of a new method, start(), to support asynchronous code execution. start_requests() will stop being called in a future version of Scrapy. If you use Scrapy 2.13 or higher only, replace start_requests() with start(); note that start() is a coroutine (async def). If you need to maintain compatibility with lower Scrapy versions, when overriding start_requests() in a spider class, override start() as well; you can use super() to reuse the inherited start() implementation without copy-pasting. See the release notes of Scrapy 2.13 for details: https://docs.scrapy.org/en/2.13/news.html
  warn(

2025-12-30 07:44:27,423 - scrapy.extensions.logstats - INFO - Crawled 0 pages (at 0 pages/min), scraped 0 items (at 0 items/min)
2025-12-30 07:44:27 [scrapy.extensions.logstats] INFO: Crawled 0 pages (at 0 pages/min), scraped 0 items (at 0 items/min)
2025-12-30 07:44:27,425 - scrapy.extensions.telnet - INFO - Telnet console listening on 127.0.0.1:6023
2025-12-30 07:44:27 [scrapy.extensions.telnet] INFO: Telnet console listening on 127.0.0.1:6023
2025-12-30 07:44:27,426 - lotto_downloader.spiders.csv_spider - INFO - Iniciando descarga de CSV
2025-12-30 07:44:27 [lotto_downloader.spiders.csv_spider] INFO: Iniciando descarga de CSV
2025-12-30 07:44:27,426 - lotto_downloader.spiders.csv_spider - INFO - Verificación VPN deshabilitada
2025-12-30 07:44:27 [lotto_downloader.spiders.csv_spider] INFO: Verificación VPN deshabilitada
2025-12-30 07:44:27,426 - lotto_downloader.spiders.csv_spider - INFO - VPN verificada. Iniciando descarga...
2025-12-30 07:44:27 [lotto_downloader.spiders.csv_spider] INFO: VPN verificada. Iniciando descarga...
2025-12-30 07:44:27,426 - lotto_downloader.spiders.csv_spider - INFO - Solicitando: https://docs.google.com/spreadsheets/d/e/2PACX-1vTov1BuA0nkVGTS48arpPFkc9cG7B40Xi3BfY6iqcWTrMwCBg5b50-WwvnvaR6mxvFHbDBtYFKg5IsJ/pub?gid=1&single=true&output=csv
2025-12-30 07:44:27 [lotto_downloader.spiders.csv_spider] INFO: Solicitando: https://docs.google.com/spreadsheets/d/e/2PACX-1vTov1BuA0nkVGTS48arpPFkc9cG7B40Xi3BfY6iqcWTrMwCBg5b50-WwvnvaR6mxvFHbDBtYFKg5IsJ/pub?gid=1&single=true&output=csv
2025-12-30 07:44:28,603 - scrapy.downloadermiddlewares.redirect - DEBUG - Redirecting (307) to <GET https://doc-0g-0s-sheets.googleusercontent.com/pub/54bogvaave6cua4cdnls17ksc4/1kofrimbq7fu6kn3m63t3odjo0/1767077065000/113298253395257796703/*/e@2PACX-1vTov1BuA0nkVGTS48arpPFkc9cG7B40Xi3BfY6iqcWTrMwCBg5b50-WwvnvaR6mxvFHbDBtYFKg5IsJ?gid=1&single=true&output=csv> from <GET https://docs.google.com/spreadsheets/d/e/2PACX-1vTov1BuA0nkVGTS48arpPFkc9cG7B40Xi3BfY6iqcWTrMwCBg5b50-WwvnvaR6mxvFHbDBtYFKg5IsJ/pub?gid=1&single=true&output=csv>
2025-12-30 07:44:31,625 - scrapy.core.engine - DEBUG - Crawled (200) <GET https://doc-0g-0s-sheets.googleusercontent.com/pub/54bogvaave6cua4cdnls17ksc4/1kofrimbq7fu6kn3m63t3odjo0/1767077065000/113298253395257796703/*/e@2PACX-1vTov1BuA0nkVGTS48arpPFkc9cG7B40Xi3BfY6iqcWTrMwCBg5b50-WwvnvaR6mxvFHbDBtYFKg5IsJ?gid=1&single=true&output=csv> (referer: None)
2025-12-30 07:44:31,740 - lotto_downloader.spiders.csv_spider - INFO - Respuesta recibida: 200 - 64916 bytes
2025-12-30 07:44:31 [lotto_downloader.spiders.csv_spider] INFO: Respuesta recibida: 200 - 64916 bytes
2025-12-30 07:44:31,744 - lotto_downloader.spiders.csv_spider - INFO - CSV guardado exitosamente en: data/historico_raw.csv
2025-12-30 07:44:31 [lotto_downloader.spiders.csv_spider] INFO: CSV guardado exitosamente en: data/historico_raw.csv
2025-12-30 07:44:31,745 - scrapy.core.engine - INFO - Closing spider (finished)
2025-12-30 07:44:31 [scrapy.core.engine] INFO: Closing spider (finished)
2025-12-30 07:44:31,746 - scrapy.statscollectors - INFO - Dumping Scrapy stats:
{'downloader/request_bytes': 1135,
 'downloader/request_count': 2,
 'downloader/request_method_count/GET': 2,
 'downloader/response_bytes': 31658,
 'downloader/response_count': 2,
 'downloader/response_status_count/200': 1,
 'downloader/response_status_count/307': 1,
 'elapsed_time_seconds': 4.322404,
 'finish_reason': 'finished',
 'finish_time': datetime.datetime(2025, 12, 30, 6, 44, 31, 746287, tzinfo=datetime.timezone.utc),
 'httpcompression/response_bytes': 64916,
 'httpcompression/response_count': 1,
 'items_per_minute': 0.0,
 'log_count/INFO': 16,
 'log_count/WARNING': 1,
 'response_received_count': 1,
 'responses_per_minute': 15.0,
 'scheduler/dequeued': 2,
 'scheduler/dequeued/memory': 2,
 'scheduler/enqueued': 2,
 'scheduler/enqueued/memory': 2,
 'start_time': datetime.datetime(2025, 12, 30, 6, 44, 27, 423883, tzinfo=datetime.timezone.utc)}
2025-12-30 07:44:31 [scrapy.statscollectors] INFO: Dumping Scrapy stats:
{'downloader/request_bytes': 1135,
 'downloader/request_count': 2,
 'downloader/request_method_count/GET': 2,
 'downloader/response_bytes': 31658,
 'downloader/response_count': 2,
 'downloader/response_status_count/200': 1,
 'downloader/response_status_count/307': 1,
 'elapsed_time_seconds': 4.322404,
 'finish_reason': 'finished',
 'finish_time': datetime.datetime(2025, 12, 30, 6, 44, 31, 746287, tzinfo=datetime.timezone.utc),
 'httpcompression/response_bytes': 64916,
 'httpcompression/response_count': 1,
 'items_per_minute': 0.0,
 'log_count/INFO': 16,
 'log_count/WARNING': 1,
 'response_received_count': 1,
 'responses_per_minute': 15.0,
 'scheduler/dequeued': 2,
 'scheduler/dequeued/memory': 2,
 'scheduler/enqueued': 2,
 'scheduler/enqueued/memory': 2,
 'start_time': datetime.datetime(2025, 12, 30, 6, 44, 27, 423883, tzinfo=datetime.timezone.utc)}
2025-12-30 07:44:31,746 - scrapy.core.engine - INFO - Spider closed (finished)
2025-12-30 07:44:31 [scrapy.core.engine] INFO: Spider closed (finished)
